{"D:\\RetoDesarrollo\\reto_rimac\\api\\dynamodb\\util.js": {"path":"D:\\RetoDesarrollo\\reto_rimac\\api\\dynamodb\\util.js","statementMap":{"0":{"start":{"line":3,"column":0},"end":{"line":20,"column":1}},"1":{"start":{"line":5,"column":4},"end":{"line":17,"column":5}},"2":{"start":{"line":6,"column":25},"end":{"line":6,"column":41}},"3":{"start":{"line":7,"column":18},"end":{"line":7,"column":41}},"4":{"start":{"line":8,"column":18},"end":{"line":8,"column":43}},"5":{"start":{"line":9,"column":18},"end":{"line":9,"column":41}},"6":{"start":{"line":10,"column":23},"end":{"line":10,"column":44}},"7":{"start":{"line":12,"column":29},"end":{"line":12,"column":61}},"8":{"start":{"line":13,"column":8},"end":{"line":13,"column":30}},"9":{"start":{"line":16,"column":8},"end":{"line":16,"column":32}},"10":{"start":{"line":22,"column":0},"end":{"line":45,"column":1}},"11":{"start":{"line":24,"column":16},"end":{"line":24,"column":47}},"12":{"start":{"line":25,"column":17},"end":{"line":25,"column":37}},"13":{"start":{"line":27,"column":4},"end":{"line":42,"column":5}},"14":{"start":{"line":28,"column":25},"end":{"line":28,"column":41}},"15":{"start":{"line":29,"column":18},"end":{"line":29,"column":41}},"16":{"start":{"line":30,"column":18},"end":{"line":30,"column":41}},"17":{"start":{"line":31,"column":18},"end":{"line":31,"column":41}},"18":{"start":{"line":33,"column":19},"end":{"line":33,"column":67}},"19":{"start":{"line":34,"column":8},"end":{"line":34,"column":39}},"20":{"start":{"line":34,"column":26},"end":{"line":34,"column":39}},"21":{"start":{"line":36,"column":20},"end":{"line":36,"column":56}},"22":{"start":{"line":37,"column":20},"end":{"line":37,"column":45}},"23":{"start":{"line":38,"column":20},"end":{"line":38,"column":47}},"24":{"start":{"line":40,"column":8},"end":{"line":40,"column":41}},"25":{"start":{"line":43,"column":4},"end":{"line":43,"column":18}}},"fnMap":{"0":{"name":"(anonymous_0)","decl":{"start":{"line":3,"column":21},"end":{"line":3,"column":22}},"loc":{"start":{"line":3,"column":30},"end":{"line":20,"column":1}},"line":3},"1":{"name":"(anonymous_1)","decl":{"start":{"line":22,"column":23},"end":{"line":22,"column":24}},"loc":{"start":{"line":22,"column":32},"end":{"line":45,"column":1}},"line":22}},"branchMap":{"0":{"loc":{"start":{"line":5,"column":4},"end":{"line":17,"column":5}},"type":"if","locations":[{"start":{"line":5,"column":4},"end":{"line":17,"column":5}},{"start":{"line":5,"column":4},"end":{"line":17,"column":5}}],"line":5},"1":{"loc":{"start":{"line":27,"column":4},"end":{"line":42,"column":5}},"type":"if","locations":[{"start":{"line":27,"column":4},"end":{"line":42,"column":5}},{"start":{"line":27,"column":4},"end":{"line":42,"column":5}}],"line":27},"2":{"loc":{"start":{"line":34,"column":8},"end":{"line":34,"column":39}},"type":"if","locations":[{"start":{"line":34,"column":8},"end":{"line":34,"column":39}},{"start":{"line":34,"column":8},"end":{"line":34,"column":39}}],"line":34},"3":{"loc":{"start":{"line":36,"column":20},"end":{"line":36,"column":56}},"type":"binary-expr","locations":[{"start":{"line":36,"column":21},"end":{"line":36,"column":29}},{"start":{"line":36,"column":35},"end":{"line":36,"column":55}}],"line":36},"4":{"loc":{"start":{"line":37,"column":20},"end":{"line":37,"column":45}},"type":"binary-expr","locations":[{"start":{"line":37,"column":21},"end":{"line":37,"column":29}},{"start":{"line":37,"column":35},"end":{"line":37,"column":44}}],"line":37},"5":{"loc":{"start":{"line":38,"column":20},"end":{"line":38,"column":47}},"type":"binary-expr","locations":[{"start":{"line":38,"column":21},"end":{"line":38,"column":29}},{"start":{"line":38,"column":35},"end":{"line":38,"column":46}}],"line":38},"6":{"loc":{"start":{"line":40,"column":17},"end":{"line":40,"column":40}},"type":"binary-expr","locations":[{"start":{"line":40,"column":17},"end":{"line":40,"column":22}},{"start":{"line":40,"column":26},"end":{"line":40,"column":31}},{"start":{"line":40,"column":35},"end":{"line":40,"column":40}}],"line":40}},"s":{"0":1,"1":15,"2":6,"3":6,"4":6,"5":6,"6":6,"7":6,"8":6,"9":9,"10":1,"11":30,"12":30,"13":30,"14":20,"15":20,"16":20,"17":20,"18":20,"19":20,"20":10,"21":20,"22":20,"23":20,"24":20,"25":30},"f":{"0":15,"1":30},"b":{"0":[6,9],"1":[20,10],"2":[10,10],"3":[20,18],"4":[20,18],"5":[20,20],"6":[20,12,12]},"_coverageSchema":"1a1c01bbd47fc00a2c39e90264f33305004495a9","hash":"b95592630a58b0276389d1979d1746d692317fce"}
,"D:\\RetoDesarrollo\\reto_rimac\\api\\swapi\\swapi.js": {"path":"D:\\RetoDesarrollo\\reto_rimac\\api\\swapi\\swapi.js","statementMap":{"0":{"start":{"line":3,"column":14},"end":{"line":3,"column":30}},"1":{"start":{"line":5,"column":0},"end":{"line":33,"column":1}},"2":{"start":{"line":7,"column":4},"end":{"line":32,"column":7}},"3":{"start":{"line":9,"column":18},"end":{"line":9,"column":41}},"4":{"start":{"line":11,"column":22},"end":{"line":16,"column":9}},"5":{"start":{"line":17,"column":24},"end":{"line":17,"column":49}},"6":{"start":{"line":18,"column":8},"end":{"line":18,"column":55}},"7":{"start":{"line":20,"column":25},"end":{"line":23,"column":9}},"8":{"start":{"line":24,"column":8},"end":{"line":24,"column":43}},"9":{"start":{"line":25,"column":8},"end":{"line":25,"column":39}},"10":{"start":{"line":27,"column":22},"end":{"line":30,"column":9}},"11":{"start":{"line":31,"column":8},"end":{"line":31,"column":36}},"12":{"start":{"line":35,"column":0},"end":{"line":60,"column":1}},"13":{"start":{"line":37,"column":4},"end":{"line":59,"column":7}},"14":{"start":{"line":38,"column":22},"end":{"line":43,"column":9}},"15":{"start":{"line":44,"column":24},"end":{"line":44,"column":49}},"16":{"start":{"line":45,"column":8},"end":{"line":45,"column":55}},"17":{"start":{"line":47,"column":25},"end":{"line":50,"column":9}},"18":{"start":{"line":51,"column":8},"end":{"line":51,"column":43}},"19":{"start":{"line":52,"column":8},"end":{"line":52,"column":39}},"20":{"start":{"line":54,"column":22},"end":{"line":57,"column":9}},"21":{"start":{"line":58,"column":8},"end":{"line":58,"column":36}},"22":{"start":{"line":63,"column":0},"end":{"line":90,"column":1}},"23":{"start":{"line":65,"column":4},"end":{"line":89,"column":7}},"24":{"start":{"line":66,"column":18},"end":{"line":66,"column":41}},"25":{"start":{"line":67,"column":22},"end":{"line":72,"column":9}},"26":{"start":{"line":74,"column":25},"end":{"line":74,"column":50}},"27":{"start":{"line":75,"column":8},"end":{"line":75,"column":57}},"28":{"start":{"line":77,"column":25},"end":{"line":80,"column":9}},"29":{"start":{"line":82,"column":8},"end":{"line":82,"column":39}},"30":{"start":{"line":84,"column":22},"end":{"line":87,"column":9}},"31":{"start":{"line":88,"column":8},"end":{"line":88,"column":36}},"32":{"start":{"line":92,"column":0},"end":{"line":117,"column":1}},"33":{"start":{"line":94,"column":4},"end":{"line":116,"column":7}},"34":{"start":{"line":95,"column":22},"end":{"line":100,"column":9}},"35":{"start":{"line":101,"column":26},"end":{"line":101,"column":51}},"36":{"start":{"line":102,"column":8},"end":{"line":102,"column":59}},"37":{"start":{"line":104,"column":25},"end":{"line":107,"column":9}},"38":{"start":{"line":108,"column":8},"end":{"line":108,"column":43}},"39":{"start":{"line":109,"column":8},"end":{"line":109,"column":39}},"40":{"start":{"line":111,"column":22},"end":{"line":114,"column":9}},"41":{"start":{"line":115,"column":8},"end":{"line":115,"column":36}},"42":{"start":{"line":120,"column":14},"end":{"line":120,"column":54}},"43":{"start":{"line":121,"column":4},"end":{"line":121,"column":57}},"44":{"start":{"line":122,"column":4},"end":{"line":122,"column":29}},"45":{"start":{"line":123,"column":16},"end":{"line":126,"column":8}},"46":{"start":{"line":125,"column":8},"end":{"line":125,"column":28}},"47":{"start":{"line":127,"column":4},"end":{"line":127,"column":15}},"48":{"start":{"line":131,"column":14},"end":{"line":161,"column":5}},"49":{"start":{"line":162,"column":4},"end":{"line":166,"column":5}},"50":{"start":{"line":163,"column":17},"end":{"line":163,"column":35}},"51":{"start":{"line":164,"column":17},"end":{"line":164,"column":40}},"52":{"start":{"line":165,"column":8},"end":{"line":165,"column":67}},"53":{"start":{"line":167,"column":4},"end":{"line":167,"column":16}}},"fnMap":{"0":{"name":"(anonymous_0)","decl":{"start":{"line":5,"column":30},"end":{"line":5,"column":31}},"loc":{"start":{"line":5,"column":66},"end":{"line":33,"column":1}},"line":5},"1":{"name":"(anonymous_1)","decl":{"start":{"line":35,"column":30},"end":{"line":35,"column":31}},"loc":{"start":{"line":35,"column":66},"end":{"line":60,"column":1}},"line":35},"2":{"name":"(anonymous_2)","decl":{"start":{"line":63,"column":31},"end":{"line":63,"column":32}},"loc":{"start":{"line":63,"column":67},"end":{"line":90,"column":1}},"line":63},"3":{"name":"(anonymous_3)","decl":{"start":{"line":92,"column":32},"end":{"line":92,"column":33}},"loc":{"start":{"line":92,"column":68},"end":{"line":117,"column":1}},"line":92},"4":{"name":"getService","decl":{"start":{"line":119,"column":15},"end":{"line":119,"column":25}},"loc":{"start":{"line":119,"column":35},"end":{"line":128,"column":1}},"line":119},"5":{"name":"(anonymous_5)","decl":{"start":{"line":124,"column":12},"end":{"line":124,"column":13}},"loc":{"start":{"line":124,"column":32},"end":{"line":126,"column":7}},"line":124},"6":{"name":"translateAtributes","decl":{"start":{"line":130,"column":15},"end":{"line":130,"column":33}},"loc":{"start":{"line":130,"column":40},"end":{"line":168,"column":1}},"line":130}},"branchMap":{"0":{"loc":{"start":{"line":121,"column":10},"end":{"line":121,"column":56}},"type":"cond-expr","locations":[{"start":{"line":121,"column":33},"end":{"line":121,"column":50}},{"start":{"line":121,"column":53},"end":{"line":121,"column":56}}],"line":121}},"s":{"0":1,"1":1,"2":0,"3":0,"4":0,"5":0,"6":0,"7":0,"8":0,"9":0,"10":0,"11":0,"12":1,"13":0,"14":0,"15":0,"16":0,"17":0,"18":0,"19":0,"20":0,"21":0,"22":1,"23":0,"24":0,"25":0,"26":0,"27":0,"28":0,"29":0,"30":0,"31":0,"32":1,"33":0,"34":0,"35":0,"36":0,"37":0,"38":0,"39":0,"40":0,"41":0,"42":0,"43":0,"44":0,"45":0,"46":0,"47":0,"48":0,"49":0,"50":0,"51":0,"52":0,"53":0},"f":{"0":0,"1":0,"2":0,"3":0,"4":0,"5":0,"6":0},"b":{"0":[0,0]},"_coverageSchema":"1a1c01bbd47fc00a2c39e90264f33305004495a9","hash":"61ac74ca5f283a884e9141c803ba59e9f4bf661f"}
}
