TN:
SF:api\dynamodb\util.js
FN:3,(anonymous_0)
FN:22,(anonymous_1)
FNF:2
FNH:2
FNDA:15,(anonymous_0)
FNDA:30,(anonymous_1)
DA:3,1
DA:5,15
DA:6,6
DA:7,6
DA:8,6
DA:9,6
DA:10,6
DA:12,6
DA:13,6
DA:16,9
DA:22,1
DA:24,30
DA:25,30
DA:27,30
DA:28,20
DA:29,20
DA:30,20
DA:31,20
DA:33,20
DA:34,20
DA:36,20
DA:37,20
DA:38,20
DA:40,20
DA:43,30
LF:25
LH:25
BRDA:5,0,0,6
BRDA:5,0,1,9
BRDA:27,1,0,20
BRDA:27,1,1,10
BRDA:34,2,0,10
BRDA:34,2,1,10
BRDA:36,3,0,20
BRDA:36,3,1,18
BRDA:37,4,0,20
BRDA:37,4,1,18
BRDA:38,5,0,20
BRDA:38,5,1,20
BRDA:40,6,0,20
BRDA:40,6,1,12
BRDA:40,6,2,12
BRF:15
BRH:15
end_of_record
TN:
SF:api\swapi\swapi.js
FN:5,(anonymous_0)
FN:35,(anonymous_1)
FN:63,(anonymous_2)
FN:92,(anonymous_3)
FN:119,getService
FN:124,(anonymous_5)
FN:130,translateAtributes
FNF:7
FNH:0
FNDA:0,(anonymous_0)
FNDA:0,(anonymous_1)
FNDA:0,(anonymous_2)
FNDA:0,(anonymous_3)
FNDA:0,getService
FNDA:0,(anonymous_5)
FNDA:0,translateAtributes
DA:3,1
DA:5,1
DA:7,0
DA:9,0
DA:11,0
DA:17,0
DA:18,0
DA:20,0
DA:24,0
DA:25,0
DA:27,0
DA:31,0
DA:35,1
DA:37,0
DA:38,0
DA:44,0
DA:45,0
DA:47,0
DA:51,0
DA:52,0
DA:54,0
DA:58,0
DA:63,1
DA:65,0
DA:66,0
DA:67,0
DA:74,0
DA:75,0
DA:77,0
DA:82,0
DA:84,0
DA:88,0
DA:92,1
DA:94,0
DA:95,0
DA:101,0
DA:102,0
DA:104,0
DA:108,0
DA:109,0
DA:111,0
DA:115,0
DA:120,0
DA:121,0
DA:122,0
DA:123,0
DA:125,0
DA:127,0
DA:131,0
DA:162,0
DA:163,0
DA:164,0
DA:165,0
DA:167,0
LF:54
LH:5
BRDA:121,0,0,0
BRDA:121,0,1,0
BRF:2
BRH:0
end_of_record
